Using pre-set license
Built from '2021.1/staging' branch; Version is '2021.1.3f1 (4bef613afd59) revision 4976481'; Using compiler version '192528614'; Build Type 'Release'
OS: 'Windows 10 Home; OS build 19043.1645; Version 2009; 64bit' Language: 'es' Physical Memory: 8047 MB
BatchMode: 1, IsHumanControllingUs: 0, StartBugReporterOnCrash: 0, Is64bit: 1, IsPro: 0

 COMMAND LINE ARGUMENTS:
C:\Program Files\Unity\Hub\Editor\2021.1.3f1\Editor\Unity.exe
-adb2
-batchMode
-noUpm
-name
AssetImportWorker3
-projectPath
C:/Users/bushm/OneDrive/Documents/GitHub/Projecte/ProjecteSintesi/ProjecteUnity
-logFile
Logs/AssetImportWorker3.log
-srvPort
50192
Successfully changed project path to: C:/Users/bushm/OneDrive/Documents/GitHub/Projecte/ProjecteSintesi/ProjecteUnity
C:/Users/bushm/OneDrive/Documents/GitHub/Projecte/ProjecteSintesi/ProjecteUnity
Using Asset Import Pipeline V2.
Refreshing native plugins compatible for Editor in 359.84 ms, found 2 plugins.
Preloading 0 native plugins for Editor in 0.00 ms.
Initialize engine version: 2021.1.3f1 (4bef613afd59)
[Subsystems] Discovering subsystems at path C:/Program Files/Unity/Hub/Editor/2021.1.3f1/Editor/Data/Resources/UnitySubsystems
[Subsystems] Discovering subsystems at path C:/Users/bushm/OneDrive/Documents/GitHub/Projecte/ProjecteSintesi/ProjecteUnity/Assets
GfxDevice: creating device client; threaded=0; jobified=0
Direct3D:
    Version:  Direct3D 11.0 [level 11.1]
    Renderer: NVIDIA GeForce GTX 1050 Ti (ID=0x1c8c)
    Vendor:   NVIDIA
    VRAM:     4018 MB
    Driver:   30.0.15.1215
Initialize mono
Mono path[0] = 'C:/Program Files/Unity/Hub/Editor/2021.1.3f1/Editor/Data/Managed'
Mono path[1] = 'C:/Program Files/Unity/Hub/Editor/2021.1.3f1/Editor/Data/MonoBleedingEdge/lib/mono/unityjit'
Mono config path = 'C:/Program Files/Unity/Hub/Editor/2021.1.3f1/Editor/Data/MonoBleedingEdge/etc'
Using monoOptions --debugger-agent=transport=dt_socket,embedding=1,server=y,suspend=n,address=127.0.0.1:56604
Begin MonoManager ReloadAssembly
Registering precompiled unity dll's ...
Register platform support module: C:/Program Files/Unity/Hub/Editor/2021.1.3f1/Editor/Data/PlaybackEngines/WebGLSupport/UnityEditor.WebGL.Extensions.dll
Register platform support module: C:/Program Files/Unity/Hub/Editor/2021.1.3f1/Editor/Data/PlaybackEngines/WindowsStandaloneSupport/UnityEditor.WindowsStandalone.Extensions.dll
Registered in 0.009518 seconds.
Native extension for WindowsStandalone target not found
Native extension for WebGL target not found
Refreshing native plugins compatible for Editor in 350.49 ms, found 2 plugins.
Preloading 0 native plugins for Editor in 0.00 ms.
Mono: successfully reloaded assembly
- Completed reload, in  7.690 seconds
Platform modules already initialized, skipping
Registering precompiled user dll's ...
Registered in 0.014699 seconds.
Begin MonoManager ReloadAssembly
Native extension for WindowsStandalone target not found
Native extension for WebGL target not found
Refreshing native plugins compatible for Editor in 418.79 ms, found 2 plugins.
Preloading 0 native plugins for Editor in 0.00 ms.
Mono: successfully reloaded assembly
- Completed reload, in  4.507 seconds
Platform modules already initialized, skipping
========================================================================
Worker process is ready to serve import requests
Launched and connected shader compiler UnityShaderCompiler.exe after 0.16 seconds
Refreshing native plugins compatible for Editor in 1.23 ms, found 2 plugins.
Preloading 0 native plugins for Editor in 0.00 ms.
Unloading 3374 Unused Serialized files (Serialized files now loaded: 0)
System memory in use before: 129.1 MB.
System memory in use after: 129.3 MB.

Unloading 28 unused Assets to reduce memory usage. Loaded Objects now: 3828.
Total: 6.137200 ms (FindLiveObjects: 0.654600 ms CreateObjectMapping: 0.454900 ms MarkObjects: 4.813200 ms  DeleteObjects: 0.212300 ms)

========================================================================
Received Import Request.
  path: Assets/Prefabs/pixil-frame-0 (26).prefab
  artifactKey: Guid(f17eedc176569d8409c80911097a4495) Importer(815301076,1909f56bfc062723c751e8b465ee728b)
Start importing Assets/Prefabs/pixil-frame-0 (26).prefab using Guid(f17eedc176569d8409c80911097a4495) Importer(815301076,1909f56bfc062723c751e8b465ee728b)  -> (artifact id: '6a9edfe2e02b1653aa45163d66110c31') in 0.306827 seconds 
========================================================================
Received Prepare
Refreshing native plugins compatible for Editor in 10.02 ms, found 2 plugins.
Preloading 0 native plugins for Editor in 0.00 ms.
Unloading 14 Unused Serialized files (Serialized files now loaded: 0)
System memory in use before: 65.1 MB.
System memory in use after: 65.2 MB.

Unloading 14 unused Assets to reduce memory usage. Loaded Objects now: 3835.
Total: 9.336600 ms (FindLiveObjects: 0.458700 ms CreateObjectMapping: 0.387400 ms MarkObjects: 8.261600 ms  DeleteObjects: 0.226300 ms)

========================================================================
Received Prepare
Registering precompiled user dll's ...
Registered in 0.003720 seconds.
Begin MonoManager ReloadAssembly
Native extension for WindowsStandalone target not found
Native extension for WebGL target not found
Refreshing native plugins compatible for Editor in 0.59 ms, found 2 plugins.
Preloading 0 native plugins for Editor in 0.00 ms.
Mono: successfully reloaded assembly
- Completed reload, in  1.023 seconds
Platform modules already initialized, skipping
Refreshing native plugins compatible for Editor in 0.59 ms, found 2 plugins.
Preloading 0 native plugins for Editor in 0.00 ms.
Unloading 3368 Unused Serialized files (Serialized files now loaded: 0)
System memory in use before: 132.6 MB.
System memory in use after: 132.8 MB.

Unloading 16 unused Assets to reduce memory usage. Loaded Objects now: 3839.
Total: 3.801400 ms (FindLiveObjects: 0.600800 ms CreateObjectMapping: 0.220200 ms MarkObjects: 2.871000 ms  DeleteObjects: 0.106200 ms)

========================================================================
Received Prepare
Registering precompiled user dll's ...
Registered in 0.003352 seconds.
Begin MonoManager ReloadAssembly
Native extension for WindowsStandalone target not found
Native extension for WebGL target not found
Refreshing native plugins compatible for Editor in 0.62 ms, found 2 plugins.
Preloading 0 native plugins for Editor in 0.00 ms.
Mono: successfully reloaded assembly
- Completed reload, in  0.958 seconds
Platform modules already initialized, skipping
Refreshing native plugins compatible for Editor in 0.63 ms, found 2 plugins.
Preloading 0 native plugins for Editor in 0.00 ms.
Unloading 3368 Unused Serialized files (Serialized files now loaded: 0)
System memory in use before: 132.7 MB.
System memory in use after: 132.8 MB.

Unloading 16 unused Assets to reduce memory usage. Loaded Objects now: 3843.
Total: 2.757400 ms (FindLiveObjects: 0.320600 ms CreateObjectMapping: 0.234300 ms MarkObjects: 2.121500 ms  DeleteObjects: 0.080000 ms)

========================================================================
Received Prepare
Registering precompiled user dll's ...
Registered in 0.003332 seconds.
Begin MonoManager ReloadAssembly
Native extension for WindowsStandalone target not found
Native extension for WebGL target not found
Refreshing native plugins compatible for Editor in 0.62 ms, found 2 plugins.
Preloading 0 native plugins for Editor in 0.00 ms.
Mono: successfully reloaded assembly
- Completed reload, in  0.990 seconds
Platform modules already initialized, skipping
Refreshing native plugins compatible for Editor in 0.60 ms, found 2 plugins.
Preloading 0 native plugins for Editor in 0.00 ms.
Unloading 3368 Unused Serialized files (Serialized files now loaded: 0)
System memory in use before: 132.7 MB.
System memory in use after: 132.9 MB.

Unloading 16 unused Assets to reduce memory usage. Loaded Objects now: 3847.
Total: 3.330900 ms (FindLiveObjects: 0.380300 ms CreateObjectMapping: 0.278300 ms MarkObjects: 2.576000 ms  DeleteObjects: 0.095200 ms)

========================================================================
Received Prepare
Registering precompiled user dll's ...
Registered in 0.003426 seconds.
Begin MonoManager ReloadAssembly
Native extension for WindowsStandalone target not found
Native extension for WebGL target not found
Refreshing native plugins compatible for Editor in 0.86 ms, found 2 plugins.
Preloading 0 native plugins for Editor in 0.00 ms.
Mono: successfully reloaded assembly
- Completed reload, in  1.043 seconds
Platform modules already initialized, skipping
Refreshing native plugins compatible for Editor in 0.59 ms, found 2 plugins.
Preloading 0 native plugins for Editor in 0.00 ms.
Unloading 3368 Unused Serialized files (Serialized files now loaded: 0)
System memory in use before: 132.8 MB.
System memory in use after: 132.9 MB.

Unloading 16 unused Assets to reduce memory usage. Loaded Objects now: 3851.
Total: 2.439200 ms (FindLiveObjects: 0.323200 ms CreateObjectMapping: 0.195100 ms MarkObjects: 1.844600 ms  DeleteObjects: 0.075200 ms)

========================================================================
Received Prepare
Registering precompiled user dll's ...
Registered in 0.003403 seconds.
Begin MonoManager ReloadAssembly
Native extension for WindowsStandalone target not found
Native extension for WebGL target not found
Refreshing native plugins compatible for Editor in 0.59 ms, found 2 plugins.
Preloading 0 native plugins for Editor in 0.00 ms.
Mono: successfully reloaded assembly
- Completed reload, in  0.884 seconds
Platform modules already initialized, skipping
Refreshing native plugins compatible for Editor in 0.65 ms, found 2 plugins.
Preloading 0 native plugins for Editor in 0.00 ms.
Unloading 3368 Unused Serialized files (Serialized files now loaded: 0)
System memory in use before: 132.8 MB.
System memory in use after: 132.9 MB.

Unloading 16 unused Assets to reduce memory usage. Loaded Objects now: 3855.
Total: 2.608500 ms (FindLiveObjects: 0.289800 ms CreateObjectMapping: 0.193900 ms MarkObjects: 2.047600 ms  DeleteObjects: 0.076200 ms)

========================================================================
Received Prepare
Registering precompiled user dll's ...
Registered in 0.003694 seconds.
Begin MonoManager ReloadAssembly
Native extension for WindowsStandalone target not found
Native extension for WebGL target not found
Refreshing native plugins compatible for Editor in 0.61 ms, found 2 plugins.
Preloading 0 native plugins for Editor in 0.00 ms.
Mono: successfully reloaded assembly
- Completed reload, in  1.024 seconds
Platform modules already initialized, skipping
Refreshing native plugins compatible for Editor in 0.60 ms, found 2 plugins.
Preloading 0 native plugins for Editor in 0.00 ms.
Unloading 3368 Unused Serialized files (Serialized files now loaded: 0)
System memory in use before: 132.8 MB.
System memory in use after: 132.9 MB.

Unloading 16 unused Assets to reduce memory usage. Loaded Objects now: 3859.
Total: 3.641900 ms (FindLiveObjects: 0.378200 ms CreateObjectMapping: 0.255000 ms MarkObjects: 2.901400 ms  DeleteObjects: 0.106100 ms)

========================================================================
Received Prepare
Registering precompiled user dll's ...
Registered in 0.003406 seconds.
Begin MonoManager ReloadAssembly
Native extension for WindowsStandalone target not found
Native extension for WebGL target not found
Refreshing native plugins compatible for Editor in 0.58 ms, found 2 plugins.
Preloading 0 native plugins for Editor in 0.00 ms.
Mono: successfully reloaded assembly
- Completed reload, in  0.959 seconds
Platform modules already initialized, skipping
Refreshing native plugins compatible for Editor in 0.60 ms, found 2 plugins.
Preloading 0 native plugins for Editor in 0.00 ms.
Unloading 3368 Unused Serialized files (Serialized files now loaded: 0)
System memory in use before: 132.8 MB.
System memory in use after: 132.9 MB.

Unloading 16 unused Assets to reduce memory usage. Loaded Objects now: 3863.
Total: 2.670400 ms (FindLiveObjects: 0.373300 ms CreateObjectMapping: 0.361200 ms MarkObjects: 1.850300 ms  DeleteObjects: 0.084400 ms)

========================================================================
Received Import Request.
  Time since last request: 1540.985036 seconds.
  path: Assets/Prefabs/SalesZona1/B.prefab
  artifactKey: Guid(49b495665b1f3994085146fa9986e15e) Importer(815301076,1909f56bfc062723c751e8b465ee728b)
Start importing Assets/Prefabs/SalesZona1/B.prefab using Guid(49b495665b1f3994085146fa9986e15e) Importer(815301076,1909f56bfc062723c751e8b465ee728b)  -> (artifact id: '768e55c94f5455347013250f170fdce8') in 0.063223 seconds 
========================================================================
Received Import Request.
  Time since last request: 0.000286 seconds.
  path: Assets/Prefabs/SalesZona1/R.prefab
  artifactKey: Guid(131cb1891779ce141a1c36a9f7c7ff4c) Importer(815301076,1909f56bfc062723c751e8b465ee728b)
Start importing Assets/Prefabs/SalesZona1/R.prefab using Guid(131cb1891779ce141a1c36a9f7c7ff4c) Importer(815301076,1909f56bfc062723c751e8b465ee728b)  -> (artifact id: '86c6e446c0863414a89f64295a49ec0c') in 0.023317 seconds 
========================================================================
Received Import Request.
  Time since last request: 0.000292 seconds.
  path: Assets/Prefabs/SalesZona1/L.prefab
  artifactKey: Guid(398042737cdadcf4b82f5d72c44be6dc) Importer(815301076,1909f56bfc062723c751e8b465ee728b)
Start importing Assets/Prefabs/SalesZona1/L.prefab using Guid(398042737cdadcf4b82f5d72c44be6dc) Importer(815301076,1909f56bfc062723c751e8b465ee728b)  -> (artifact id: 'b77d80e25cef70aa56b7e3bf5a66c3c0') in 0.025322 seconds 
========================================================================
Received Import Request.
  Time since last request: 0.000255 seconds.
  path: Assets/Prefabs/SalesZona1/TL.prefab
  artifactKey: Guid(043cc0b03f518c84899585ea4bd5da13) Importer(815301076,1909f56bfc062723c751e8b465ee728b)
Start importing Assets/Prefabs/SalesZona1/TL.prefab using Guid(043cc0b03f518c84899585ea4bd5da13) Importer(815301076,1909f56bfc062723c751e8b465ee728b)  -> (artifact id: 'e1e6535bae15123c1f2ca6bf85f9e77f') in 0.023561 seconds 
========================================================================
Received Import Request.
  Time since last request: 0.000335 seconds.
  path: Assets/Prefabs/SalesZona1/TR.prefab
  artifactKey: Guid(8da2ba75845e2e34eaec8a57613770db) Importer(815301076,1909f56bfc062723c751e8b465ee728b)
Start importing Assets/Prefabs/SalesZona1/TR.prefab using Guid(8da2ba75845e2e34eaec8a57613770db) Importer(815301076,1909f56bfc062723c751e8b465ee728b)  -> (artifact id: 'e620502ab0a2de18de34a0edfbf1256e') in 0.017769 seconds 
========================================================================
Received Import Request.
  Time since last request: 0.000295 seconds.
  path: Assets/Prefabs/SalesZona1/T.prefab
  artifactKey: Guid(6222fa321151ae148bdea30ebe21eedb) Importer(815301076,1909f56bfc062723c751e8b465ee728b)
Start importing Assets/Prefabs/SalesZona1/T.prefab using Guid(6222fa321151ae148bdea30ebe21eedb) Importer(815301076,1909f56bfc062723c751e8b465ee728b)  -> (artifact id: 'ee3ab79fc67c4060536f6e92f2c8ae5d') in 0.016907 seconds 
========================================================================
Received Import Request.
  Time since last request: 0.000236 seconds.
  path: Assets/Prefabs/SalesZona1/ClosedRoom.prefab
  artifactKey: Guid(cc695031f97556d448773df8f4d4857e) Importer(815301076,1909f56bfc062723c751e8b465ee728b)
Start importing Assets/Prefabs/SalesZona1/ClosedRoom.prefab using Guid(cc695031f97556d448773df8f4d4857e) Importer(815301076,1909f56bfc062723c751e8b465ee728b)  -> (artifact id: 'bbb8010f9ded27a3c2fc74d47b32dde8') in 0.016256 seconds 
========================================================================
Received Import Request.
  Time since last request: 0.000616 seconds.
  path: Assets/Prefabs/SalesZona1/BR.prefab
  artifactKey: Guid(0a9e7303704ea3b4fa49b76b4e928bca) Importer(815301076,1909f56bfc062723c751e8b465ee728b)
Start importing Assets/Prefabs/SalesZona1/BR.prefab using Guid(0a9e7303704ea3b4fa49b76b4e928bca) Importer(815301076,1909f56bfc062723c751e8b465ee728b)  -> (artifact id: '327313c46b6ce52f9ff49a216c790027') in 0.018574 seconds 
========================================================================
Received Import Request.
  Time since last request: 0.000290 seconds.
  path: Assets/Prefabs/SalesZona1/LR.prefab
  artifactKey: Guid(48454f9b45d6c5e49a473b5654dc4471) Importer(815301076,1909f56bfc062723c751e8b465ee728b)
Start importing Assets/Prefabs/SalesZona1/LR.prefab using Guid(48454f9b45d6c5e49a473b5654dc4471) Importer(815301076,1909f56bfc062723c751e8b465ee728b)  -> (artifact id: '8f359d13bdc007101e395716f239d7f9') in 0.017761 seconds 
========================================================================
Received Import Request.
  Time since last request: 0.000268 seconds.
  path: Assets/Prefabs/SalesZona1/TB.prefab
  artifactKey: Guid(387336c59871a1148ab3ac3af49657fc) Importer(815301076,1909f56bfc062723c751e8b465ee728b)
Start importing Assets/Prefabs/SalesZona1/TB.prefab using Guid(387336c59871a1148ab3ac3af49657fc) Importer(815301076,1909f56bfc062723c751e8b465ee728b)  -> (artifact id: '52821710c8055697c49e4b1363003ecd') in 0.016966 seconds 
========================================================================
Received Import Request.
  Time since last request: 0.000234 seconds.
  path: Assets/Prefabs/SalesZona1/EntryRoom.prefab
  artifactKey: Guid(9077f8aeca0335c4d882dbb25fd7511d) Importer(815301076,1909f56bfc062723c751e8b465ee728b)
Start importing Assets/Prefabs/SalesZona1/EntryRoom.prefab using Guid(9077f8aeca0335c4d882dbb25fd7511d) Importer(815301076,1909f56bfc062723c751e8b465ee728b)  -> (artifact id: '60e2cbe6c7eab673839e0a9c0b34637a') in 0.024813 seconds 
========================================================================
Received Import Request.
  Time since last request: 0.000222 seconds.
  path: Assets/Prefabs/SalesZona1/BL.prefab
  artifactKey: Guid(fec4e1af4985d8e40af7fd140436dbcd) Importer(815301076,1909f56bfc062723c751e8b465ee728b)
Start importing Assets/Prefabs/SalesZona1/BL.prefab using Guid(fec4e1af4985d8e40af7fd140436dbcd) Importer(815301076,1909f56bfc062723c751e8b465ee728b)  -> (artifact id: 'e855905cca039ff0adc3d05bb41bcc57') in 0.025183 seconds 
========================================================================
Received Import Request.
  Time since last request: 455.756510 seconds.
  path: Assets/Prefabs/SalesZona1/Prefabs
  artifactKey: Guid(6b8b9350d29f0404f8d67f0a85a594af) Importer(815301076,1909f56bfc062723c751e8b465ee728b)
Start importing Assets/Prefabs/SalesZona1/Prefabs using Guid(6b8b9350d29f0404f8d67f0a85a594af) Importer(815301076,1909f56bfc062723c751e8b465ee728b)  -> (artifact id: '91ac8b97dc01bd790760b1c15bca8ad0') in 0.008226 seconds 
========================================================================
Received Import Request.
  Time since last request: 0.038453 seconds.
  path: Assets/Prefabs/SalesZona1/Prefabs/B.prefab
  artifactKey: Guid(2105902a5b9497f4f8e6debf227ac138) Importer(815301076,1909f56bfc062723c751e8b465ee728b)
Start importing Assets/Prefabs/SalesZona1/Prefabs/B.prefab using Guid(2105902a5b9497f4f8e6debf227ac138) Importer(815301076,1909f56bfc062723c751e8b465ee728b)  -> (artifact id: '2302887b0f777e7145eccc9d578b0639') in 0.009699 seconds 
========================================================================
Received Import Request.
  Time since last request: 0.000333 seconds.
  path: Assets/Prefabs/SalesZona1/Prefabs/Closed Wall.prefab
  artifactKey: Guid(71addd1db0904154d960002486bf6a2b) Importer(815301076,1909f56bfc062723c751e8b465ee728b)
Start importing Assets/Prefabs/SalesZona1/Prefabs/Closed Wall.prefab using Guid(71addd1db0904154d960002486bf6a2b) Importer(815301076,1909f56bfc062723c751e8b465ee728b)  -> (artifact id: '904119b8984b47881330cc17a9d75181') in 0.011118 seconds 
========================================================================
Received Import Request.
  Time since last request: 0.000290 seconds.
  path: Assets/Prefabs/SalesZona1/Prefabs/LR.prefab
  artifactKey: Guid(c9518fddab9921444b82e86f3d8a9eec) Importer(815301076,1909f56bfc062723c751e8b465ee728b)
Start importing Assets/Prefabs/SalesZona1/Prefabs/LR.prefab using Guid(c9518fddab9921444b82e86f3d8a9eec) Importer(815301076,1909f56bfc062723c751e8b465ee728b)  -> (artifact id: '965948c0e87b733388a15cfb5a2106c6') in 0.011411 seconds 
========================================================================
Received Import Request.
  Time since last request: 0.000330 seconds.
  path: Assets/Prefabs/SalesZona1/Prefabs/LB.prefab
  artifactKey: Guid(96cbb82819b10f14eb4a551f8048e96c) Importer(815301076,1909f56bfc062723c751e8b465ee728b)
Start importing Assets/Prefabs/SalesZona1/Prefabs/LB.prefab using Guid(96cbb82819b10f14eb4a551f8048e96c) Importer(815301076,1909f56bfc062723c751e8b465ee728b)  -> (artifact id: '28b4ec38a4d47d412bcabfc92cc2b39a') in 0.011275 seconds 
========================================================================
Received Import Request.
  Time since last request: 0.000368 seconds.
  path: Assets/Prefabs/SalesZona1/Prefabs/Entry Room.prefab
  artifactKey: Guid(10c65f0c164d2e04e9c3daf97304609a) Importer(815301076,1909f56bfc062723c751e8b465ee728b)
Start importing Assets/Prefabs/SalesZona1/Prefabs/Entry Room.prefab using Guid(10c65f0c164d2e04e9c3daf97304609a) Importer(815301076,1909f56bfc062723c751e8b465ee728b)  -> (artifact id: 'aa53049df70ac2edfa4039dd841ba86d') in 0.011423 seconds 
========================================================================
Received Import Request.
  Time since last request: 0.000277 seconds.
  path: Assets/Prefabs/SalesZona1/Prefabs/RB.prefab
  artifactKey: Guid(b3f2b155bf508e94cacdaa0c831817ee) Importer(815301076,1909f56bfc062723c751e8b465ee728b)
Start importing Assets/Prefabs/SalesZona1/Prefabs/RB.prefab using Guid(b3f2b155bf508e94cacdaa0c831817ee) Importer(815301076,1909f56bfc062723c751e8b465ee728b)  -> (artifact id: '3ee02141cbaddb051f13b950fca81106') in 0.009775 seconds 
========================================================================
Received Import Request.
  Time since last request: 0.000324 seconds.
  path: Assets/Prefabs/SalesZona1/Prefabs/TB.prefab
  artifactKey: Guid(0c31457eebf9a2d4a972d7ccf023a560) Importer(815301076,1909f56bfc062723c751e8b465ee728b)
Start importing Assets/Prefabs/SalesZona1/Prefabs/TB.prefab using Guid(0c31457eebf9a2d4a972d7ccf023a560) Importer(815301076,1909f56bfc062723c751e8b465ee728b)  -> (artifact id: '63d036ac225039db84f1b24f4bfe5c4b') in 0.009231 seconds 
========================================================================
Received Import Request.
  Time since last request: 0.000418 seconds.
  path: Assets/Prefabs/SalesZona1/Prefabs/Boss.prefab
  artifactKey: Guid(09e14c596e782a742829f1166838514d) Importer(815301076,1909f56bfc062723c751e8b465ee728b)
Start importing Assets/Prefabs/SalesZona1/Prefabs/Boss.prefab using Guid(09e14c596e782a742829f1166838514d) Importer(815301076,1909f56bfc062723c751e8b465ee728b)  -> (artifact id: 'd6f9c485fede8fa4c44fb28e66ff2d7d') in 0.008983 seconds 
========================================================================
Received Import Request.
  Time since last request: 0.000366 seconds.
  path: Assets/Prefabs/SalesZona1/Prefabs/TR.prefab
  artifactKey: Guid(f19b4cd5436954c41adbd492ce5a8785) Importer(815301076,1909f56bfc062723c751e8b465ee728b)
Start importing Assets/Prefabs/SalesZona1/Prefabs/TR.prefab using Guid(f19b4cd5436954c41adbd492ce5a8785) Importer(815301076,1909f56bfc062723c751e8b465ee728b)  -> (artifact id: '392491e0b03a817c5eb7136adaacab23') in 0.010734 seconds 
========================================================================
Received Import Request.
  Time since last request: 0.000260 seconds.
  path: Assets/Prefabs/SalesZona1/Prefabs/L.prefab
  artifactKey: Guid(8a1fe1e76eaa4da42ab7a95609601343) Importer(815301076,1909f56bfc062723c751e8b465ee728b)
Start importing Assets/Prefabs/SalesZona1/Prefabs/L.prefab using Guid(8a1fe1e76eaa4da42ab7a95609601343) Importer(815301076,1909f56bfc062723c751e8b465ee728b)  -> (artifact id: '55afa12aa8af821686a6c6bfc0bd4d4d') in 0.008326 seconds 
========================================================================
Received Import Request.
  Time since last request: 0.000392 seconds.
  path: Assets/Prefabs/SalesZona1/Prefabs/TL.prefab
  artifactKey: Guid(8d3b3801dbf17644ea3541d229fa3c26) Importer(815301076,1909f56bfc062723c751e8b465ee728b)
Start importing Assets/Prefabs/SalesZona1/Prefabs/TL.prefab using Guid(8d3b3801dbf17644ea3541d229fa3c26) Importer(815301076,1909f56bfc062723c751e8b465ee728b)  -> (artifact id: '46c7e3228d7d4132aa4cbd471812839e') in 0.011583 seconds 
========================================================================
Received Import Request.
  Time since last request: 0.000278 seconds.
  path: Assets/Prefabs/SalesZona1/Prefabs/T.prefab
  artifactKey: Guid(a7aa1a0389616d547a34e34827992b7c) Importer(815301076,1909f56bfc062723c751e8b465ee728b)
Start importing Assets/Prefabs/SalesZona1/Prefabs/T.prefab using Guid(a7aa1a0389616d547a34e34827992b7c) Importer(815301076,1909f56bfc062723c751e8b465ee728b)  -> (artifact id: '7a24c6738ca72ef34d20319d25780d22') in 0.010906 seconds 
========================================================================
Received Import Request.
  Time since last request: 0.000458 seconds.
  path: Assets/Prefabs/SalesZona1/Prefabs/R.prefab
  artifactKey: Guid(5bfb28fdf883df24f9ccc648eb33f0bc) Importer(815301076,1909f56bfc062723c751e8b465ee728b)
Start importing Assets/Prefabs/SalesZona1/Prefabs/R.prefab using Guid(5bfb28fdf883df24f9ccc648eb33f0bc) Importer(815301076,1909f56bfc062723c751e8b465ee728b)  -> (artifact id: '7f000e6875a0c226d014c3aa12f2d192') in 0.011594 seconds 
========================================================================
Received Import Request.
  Time since last request: 32.678186 seconds.
  path: Assets/Prefabs/Boss.png
  artifactKey: Guid(90320acfcfb88054e8c7551df4edc201) Importer(815301076,1909f56bfc062723c751e8b465ee728b)
Start importing Assets/Prefabs/Boss.png using Guid(90320acfcfb88054e8c7551df4edc201) Importer(815301076,1909f56bfc062723c751e8b465ee728b)  -> (artifact id: '387ba0aafcf125b9d133597a1cb9ba77') in 0.060046 seconds 
========================================================================
Received Import Request.
  Time since last request: 19.973411 seconds.
  path: Assets/Prefabs/Wall.png
  artifactKey: Guid(81946214be9bc3c44a0d443c9ef6ff2b) Importer(815301076,1909f56bfc062723c751e8b465ee728b)
Start importing Assets/Prefabs/Wall.png using Guid(81946214be9bc3c44a0d443c9ef6ff2b) Importer(815301076,1909f56bfc062723c751e8b465ee728b)  -> (artifact id: '52ee8a0b2aae45959dbfe6414d6099f4') in 0.029705 seconds 
========================================================================
Received Import Request.
  Time since last request: 9.417543 seconds.
  path: Assets/Prefabs/Prefabs
  artifactKey: Guid(c762b6a0dcf2c9e419373e323ec14602) Importer(815301076,1909f56bfc062723c751e8b465ee728b)
Start importing Assets/Prefabs/Prefabs using Guid(c762b6a0dcf2c9e419373e323ec14602) Importer(815301076,1909f56bfc062723c751e8b465ee728b)  -> (artifact id: 'f5032909ae52fa5f0e1eab48dab66862') in 0.003894 seconds 
========================================================================
Received Import Request.
  Time since last request: 142.052869 seconds.
  path: Assets/Sprites/Entry Room.prefab
  artifactKey: Guid(53a46d8512068dd4c97c1c8d079d6f67) Importer(815301076,1909f56bfc062723c751e8b465ee728b)
Start importing Assets/Sprites/Entry Room.prefab using Guid(53a46d8512068dd4c97c1c8d079d6f67) Importer(815301076,1909f56bfc062723c751e8b465ee728b)  -> (artifact id: '0f0606877afefcc038d007e1677d98aa') in 0.006075 seconds 
AssetImportWorkerClient::OnTransportError - code=2 error=End of file
