Using pre-set license
Built from '2021.1/staging' branch; Version is '2021.1.3f1 (4bef613afd59) revision 4976481'; Using compiler version '192528614'; Build Type 'Release'
OS: 'Windows 10 Home; OS build 19043.1706; Version 2009; 64bit' Language: 'es' Physical Memory: 8047 MB
BatchMode: 1, IsHumanControllingUs: 0, StartBugReporterOnCrash: 0, Is64bit: 1, IsPro: 0

 COMMAND LINE ARGUMENTS:
C:\Program Files\Unity\Hub\Editor\2021.1.3f1\Editor\Unity.exe
-adb2
-batchMode
-noUpm
-name
AssetImportWorker1
-projectPath
C:/Users/bushm/OneDrive/Documents/GitHub/Projecte/ProjecteSintesi/ProjecteUnity
-logFile
Logs/AssetImportWorker1.log
-srvPort
57098
Successfully changed project path to: C:/Users/bushm/OneDrive/Documents/GitHub/Projecte/ProjecteSintesi/ProjecteUnity
C:/Users/bushm/OneDrive/Documents/GitHub/Projecte/ProjecteSintesi/ProjecteUnity
Using Asset Import Pipeline V2.
Refreshing native plugins compatible for Editor in 162.94 ms, found 2 plugins.
Preloading 0 native plugins for Editor in 0.00 ms.
Initialize engine version: 2021.1.3f1 (4bef613afd59)
[Subsystems] Discovering subsystems at path C:/Program Files/Unity/Hub/Editor/2021.1.3f1/Editor/Data/Resources/UnitySubsystems
[Subsystems] Discovering subsystems at path C:/Users/bushm/OneDrive/Documents/GitHub/Projecte/ProjecteSintesi/ProjecteUnity/Assets
GfxDevice: creating device client; threaded=0; jobified=0
Direct3D:
    Version:  Direct3D 11.0 [level 11.1]
    Renderer: NVIDIA GeForce GTX 1050 Ti (ID=0x1c8c)
    Vendor:   NVIDIA
    VRAM:     4018 MB
    Driver:   30.0.15.1295
Initialize mono
Mono path[0] = 'C:/Program Files/Unity/Hub/Editor/2021.1.3f1/Editor/Data/Managed'
Mono path[1] = 'C:/Program Files/Unity/Hub/Editor/2021.1.3f1/Editor/Data/MonoBleedingEdge/lib/mono/unityjit'
Mono config path = 'C:/Program Files/Unity/Hub/Editor/2021.1.3f1/Editor/Data/MonoBleedingEdge/etc'
Using monoOptions --debugger-agent=transport=dt_socket,embedding=1,server=y,suspend=n,address=127.0.0.1:56476
Begin MonoManager ReloadAssembly
Registering precompiled unity dll's ...
Register platform support module: C:/Program Files/Unity/Hub/Editor/2021.1.3f1/Editor/Data/PlaybackEngines/WebGLSupport/UnityEditor.WebGL.Extensions.dll
Register platform support module: C:/Program Files/Unity/Hub/Editor/2021.1.3f1/Editor/Data/PlaybackEngines/WindowsStandaloneSupport/UnityEditor.WindowsStandalone.Extensions.dll
Registered in 0.004540 seconds.
Native extension for WindowsStandalone target not found
Native extension for WebGL target not found
Refreshing native plugins compatible for Editor in 107.95 ms, found 2 plugins.
Preloading 0 native plugins for Editor in 0.00 ms.
Mono: successfully reloaded assembly
- Completed reload, in  7.078 seconds
Platform modules already initialized, skipping
Registering precompiled user dll's ...
Registered in 0.010649 seconds.
Begin MonoManager ReloadAssembly
Native extension for WindowsStandalone target not found
Native extension for WebGL target not found
Refreshing native plugins compatible for Editor in 105.03 ms, found 2 plugins.
Preloading 0 native plugins for Editor in 0.00 ms.
Mono: successfully reloaded assembly
- Completed reload, in  1.276 seconds
Platform modules already initialized, skipping
========================================================================
Worker process is ready to serve import requests
Launched and connected shader compiler UnityShaderCompiler.exe after 0.10 seconds
Refreshing native plugins compatible for Editor in 0.89 ms, found 2 plugins.
Preloading 0 native plugins for Editor in 0.00 ms.
Unloading 3399 Unused Serialized files (Serialized files now loaded: 0)
System memory in use before: 130.0 MB.
System memory in use after: 130.1 MB.

Unloading 28 unused Assets to reduce memory usage. Loaded Objects now: 3854.
Total: 4.255100 ms (FindLiveObjects: 1.090400 ms CreateObjectMapping: 0.404800 ms MarkObjects: 2.646000 ms  DeleteObjects: 0.111900 ms)

========================================================================
Received Import Request.
  path: Assets/Scripts/DialogManager.cs
  artifactKey: Guid(5556a620a91c4534e99a33085aba6569) Importer(815301076,1909f56bfc062723c751e8b465ee728b)
Start importing Assets/Scripts/DialogManager.cs using Guid(5556a620a91c4534e99a33085aba6569) Importer(815301076,1909f56bfc062723c751e8b465ee728b)  -> (artifact id: 'cf73373b4d6052592a078f5cb640e189') in 0.042292 seconds 
========================================================================
Received Import Request.
  Time since last request: 54.391332 seconds.
  path: Assets/Scripts/DialogManager.cs
  artifactKey: Guid(5556a620a91c4534e99a33085aba6569) Importer(815301076,1909f56bfc062723c751e8b465ee728b)
Start importing Assets/Scripts/DialogManager.cs using Guid(5556a620a91c4534e99a33085aba6569) Importer(815301076,1909f56bfc062723c751e8b465ee728b)  -> (artifact id: '88128c110171d595d631c66bfce33a37') in 0.005556 seconds 
========================================================================
Received Prepare
Registering precompiled user dll's ...
Registered in 0.005072 seconds.
Begin MonoManager ReloadAssembly
Native extension for WindowsStandalone target not found
Native extension for WebGL target not found
Refreshing native plugins compatible for Editor in 4.34 ms, found 2 plugins.
Preloading 0 native plugins for Editor in 0.00 ms.
Mono: successfully reloaded assembly
- Completed reload, in  1.123 seconds
Platform modules already initialized, skipping
Refreshing native plugins compatible for Editor in 0.67 ms, found 2 plugins.
Preloading 0 native plugins for Editor in 0.00 ms.
Unloading 3393 Unused Serialized files (Serialized files now loaded: 0)
System memory in use before: 129.9 MB.
System memory in use after: 130.0 MB.

Unloading 16 unused Assets to reduce memory usage. Loaded Objects now: 3858.
Total: 2.913200 ms (FindLiveObjects: 0.294300 ms CreateObjectMapping: 0.196700 ms MarkObjects: 2.328900 ms  DeleteObjects: 0.092400 ms)

========================================================================
Received Import Request.
  Time since last request: 21.938844 seconds.
  path: Assets/Scripts/Dialog.cs
  artifactKey: Guid(e7d3dd6e9ec9cf448917f63444a1ca6a) Importer(815301076,1909f56bfc062723c751e8b465ee728b)
Start importing Assets/Scripts/Dialog.cs using Guid(e7d3dd6e9ec9cf448917f63444a1ca6a) Importer(815301076,1909f56bfc062723c751e8b465ee728b)  -> (artifact id: '614d7bde0af9fdf6462e840459767cd2') in 0.016559 seconds 
========================================================================
Received Prepare
Registering precompiled user dll's ...
Registered in 0.004063 seconds.
Begin MonoManager ReloadAssembly
Native extension for WindowsStandalone target not found
Native extension for WebGL target not found
Refreshing native plugins compatible for Editor in 0.80 ms, found 2 plugins.
Preloading 0 native plugins for Editor in 0.00 ms.
Mono: successfully reloaded assembly
- Completed reload, in  1.120 seconds
Platform modules already initialized, skipping
Refreshing native plugins compatible for Editor in 0.77 ms, found 2 plugins.
Preloading 0 native plugins for Editor in 0.00 ms.
Unloading 3394 Unused Serialized files (Serialized files now loaded: 0)
System memory in use before: 129.9 MB.
System memory in use after: 130.1 MB.

Unloading 16 unused Assets to reduce memory usage. Loaded Objects now: 3863.
Total: 5.050600 ms (FindLiveObjects: 0.681400 ms CreateObjectMapping: 0.415900 ms MarkObjects: 3.787600 ms  DeleteObjects: 0.163800 ms)

========================================================================
Received Prepare
Registering precompiled user dll's ...
Registered in 0.005417 seconds.
Begin MonoManager ReloadAssembly
Native extension for WindowsStandalone target not found
Native extension for WebGL target not found
Refreshing native plugins compatible for Editor in 0.62 ms, found 2 plugins.
Preloading 0 native plugins for Editor in 0.00 ms.
Mono: successfully reloaded assembly
- Completed reload, in  1.049 seconds
Platform modules already initialized, skipping
Refreshing native plugins compatible for Editor in 1.28 ms, found 2 plugins.
Preloading 0 native plugins for Editor in 0.00 ms.
Unloading 3394 Unused Serialized files (Serialized files now loaded: 0)
System memory in use before: 130.0 MB.
System memory in use after: 130.1 MB.

Unloading 16 unused Assets to reduce memory usage. Loaded Objects now: 3867.
Total: 3.506400 ms (FindLiveObjects: 0.561800 ms CreateObjectMapping: 0.314500 ms MarkObjects: 2.534900 ms  DeleteObjects: 0.093500 ms)

========================================================================
Received Import Request.
  Time since last request: 112.217389 seconds.
  path: Assets/Scripts/Dialog.cs
  artifactKey: Guid(e7d3dd6e9ec9cf448917f63444a1ca6a) Importer(815301076,1909f56bfc062723c751e8b465ee728b)
Start importing Assets/Scripts/Dialog.cs using Guid(e7d3dd6e9ec9cf448917f63444a1ca6a) Importer(815301076,1909f56bfc062723c751e8b465ee728b)  -> (artifact id: '5a81ccdf3f7ba5a787da450801dc87b5') in 0.008141 seconds 
========================================================================
Received Import Request.
  Time since last request: 4.879549 seconds.
  path: Assets/Scripts/NPC.cs
  artifactKey: Guid(e8c438ccce7a31147b332290b7d8039b) Importer(815301076,1909f56bfc062723c751e8b465ee728b)
Start importing Assets/Scripts/NPC.cs using Guid(e8c438ccce7a31147b332290b7d8039b) Importer(815301076,1909f56bfc062723c751e8b465ee728b)  -> (artifact id: '7acc2ce152a46273a4fb226fe7d5a854') in 0.010048 seconds 
========================================================================
Received Prepare
Registering precompiled user dll's ...
Registered in 0.005353 seconds.
Begin MonoManager ReloadAssembly
Native extension for WindowsStandalone target not found
Native extension for WebGL target not found
Refreshing native plugins compatible for Editor in 0.77 ms, found 2 plugins.
Preloading 0 native plugins for Editor in 0.00 ms.
Mono: successfully reloaded assembly
- Completed reload, in  1.025 seconds
Platform modules already initialized, skipping
Refreshing native plugins compatible for Editor in 0.79 ms, found 2 plugins.
Preloading 0 native plugins for Editor in 0.00 ms.
Unloading 3395 Unused Serialized files (Serialized files now loaded: 0)
System memory in use before: 130.0 MB.
System memory in use after: 130.2 MB.

Unloading 16 unused Assets to reduce memory usage. Loaded Objects now: 3872.
Total: 3.713100 ms (FindLiveObjects: 0.451700 ms CreateObjectMapping: 0.228700 ms MarkObjects: 2.875300 ms  DeleteObjects: 0.155800 ms)

========================================================================
Received Import Request.
  Time since last request: 119.134262 seconds.
  path: Assets/Scripts/NPC.cs
  artifactKey: Guid(e8c438ccce7a31147b332290b7d8039b) Importer(815301076,1909f56bfc062723c751e8b465ee728b)
Start importing Assets/Scripts/NPC.cs using Guid(e8c438ccce7a31147b332290b7d8039b) Importer(815301076,1909f56bfc062723c751e8b465ee728b)  -> (artifact id: 'da80844bdc23f355c2d18b4bee2dda4b') in 0.006735 seconds 
========================================================================
Received Import Request.
  Time since last request: 11.289482 seconds.
  path: Assets/WSATestCertificate.pfx
  artifactKey: Guid(1d2d16ebcb628f846b301ab5f4324eee) Importer(815301076,1909f56bfc062723c751e8b465ee728b)
Start importing Assets/WSATestCertificate.pfx using Guid(1d2d16ebcb628f846b301ab5f4324eee) Importer(815301076,1909f56bfc062723c751e8b465ee728b)  -> (artifact id: 'fd7374ac0fbe9cd7eb447f9a559c76bd') in 0.019298 seconds 
========================================================================
Received Prepare
Registering precompiled user dll's ...
Registered in 0.003362 seconds.
Begin MonoManager ReloadAssembly
Native extension for WindowsStandalone target not found
Native extension for WebGL target not found
Refreshing native plugins compatible for Editor in 0.70 ms, found 2 plugins.
Preloading 0 native plugins for Editor in 0.00 ms.
Mono: successfully reloaded assembly
- Completed reload, in  1.148 seconds
Platform modules already initialized, skipping
Refreshing native plugins compatible for Editor in 0.67 ms, found 2 plugins.
Preloading 0 native plugins for Editor in 0.00 ms.
Unloading 3395 Unused Serialized files (Serialized files now loaded: 0)
System memory in use before: 130.0 MB.
System memory in use after: 130.2 MB.

Unloading 16 unused Assets to reduce memory usage. Loaded Objects now: 3876.
Total: 3.504200 ms (FindLiveObjects: 0.317800 ms CreateObjectMapping: 0.182300 ms MarkObjects: 2.888000 ms  DeleteObjects: 0.114100 ms)

========================================================================
Received Prepare
Registering precompiled user dll's ...
Registered in 0.004281 seconds.
Begin MonoManager ReloadAssembly
Native extension for WindowsStandalone target not found
Native extension for WebGL target not found
Refreshing native plugins compatible for Editor in 0.71 ms, found 2 plugins.
Preloading 0 native plugins for Editor in 0.00 ms.
Mono: successfully reloaded assembly
- Completed reload, in  1.024 seconds
Platform modules already initialized, skipping
Refreshing native plugins compatible for Editor in 0.79 ms, found 2 plugins.
Preloading 0 native plugins for Editor in 0.00 ms.
Unloading 3395 Unused Serialized files (Serialized files now loaded: 0)
System memory in use before: 130.1 MB.
System memory in use after: 130.2 MB.

Unloading 16 unused Assets to reduce memory usage. Loaded Objects now: 3880.
Total: 3.171800 ms (FindLiveObjects: 0.367000 ms CreateObjectMapping: 0.190700 ms MarkObjects: 2.522600 ms  DeleteObjects: 0.089900 ms)

========================================================================
Received Prepare
Registering precompiled user dll's ...
Registered in 0.004261 seconds.
Begin MonoManager ReloadAssembly
Native extension for WindowsStandalone target not found
Native extension for WebGL target not found
Refreshing native plugins compatible for Editor in 0.67 ms, found 2 plugins.
Preloading 0 native plugins for Editor in 0.00 ms.
Mono: successfully reloaded assembly
- Completed reload, in  1.008 seconds
Platform modules already initialized, skipping
Refreshing native plugins compatible for Editor in 0.62 ms, found 2 plugins.
Preloading 0 native plugins for Editor in 0.00 ms.
Unloading 3395 Unused Serialized files (Serialized files now loaded: 0)
System memory in use before: 130.1 MB.
System memory in use after: 130.2 MB.

Unloading 16 unused Assets to reduce memory usage. Loaded Objects now: 3884.
Total: 4.939800 ms (FindLiveObjects: 0.485600 ms CreateObjectMapping: 0.276500 ms MarkObjects: 3.996800 ms  DeleteObjects: 0.178200 ms)

========================================================================
Received Prepare
Registering precompiled user dll's ...
Registered in 0.003704 seconds.
Begin MonoManager ReloadAssembly
Native extension for WindowsStandalone target not found
Native extension for WebGL target not found
Refreshing native plugins compatible for Editor in 0.61 ms, found 2 plugins.
Preloading 0 native plugins for Editor in 0.00 ms.
Mono: successfully reloaded assembly
- Completed reload, in  0.971 seconds
Platform modules already initialized, skipping
Refreshing native plugins compatible for Editor in 0.62 ms, found 2 plugins.
Preloading 0 native plugins for Editor in 0.00 ms.
Unloading 3395 Unused Serialized files (Serialized files now loaded: 0)
System memory in use before: 130.1 MB.
System memory in use after: 130.2 MB.

Unloading 16 unused Assets to reduce memory usage. Loaded Objects now: 3888.
Total: 2.635500 ms (FindLiveObjects: 0.316400 ms CreateObjectMapping: 0.175300 ms MarkObjects: 2.062500 ms  DeleteObjects: 0.080300 ms)

========================================================================
Received Prepare
Registering precompiled user dll's ...
Registered in 0.003398 seconds.
Begin MonoManager ReloadAssembly
Native extension for WindowsStandalone target not found
Native extension for WebGL target not found
Refreshing native plugins compatible for Editor in 2.91 ms, found 2 plugins.
Preloading 0 native plugins for Editor in 0.00 ms.
Mono: successfully reloaded assembly
- Completed reload, in  1.719 seconds
Platform modules already initialized, skipping
Refreshing native plugins compatible for Editor in 1.64 ms, found 2 plugins.
Preloading 0 native plugins for Editor in 0.00 ms.
Unloading 3395 Unused Serialized files (Serialized files now loaded: 0)
System memory in use before: 130.1 MB.
System memory in use after: 130.2 MB.

Unloading 16 unused Assets to reduce memory usage. Loaded Objects now: 3892.
Total: 6.796700 ms (FindLiveObjects: 1.202500 ms CreateObjectMapping: 1.042900 ms MarkObjects: 4.352500 ms  DeleteObjects: 0.192300 ms)

========================================================================
Received Prepare
Registering precompiled user dll's ...
Registered in 0.003865 seconds.
Begin MonoManager ReloadAssembly
Native extension for WindowsStandalone target not found
Native extension for WebGL target not found
Refreshing native plugins compatible for Editor in 0.73 ms, found 2 plugins.
Preloading 0 native plugins for Editor in 0.00 ms.
Mono: successfully reloaded assembly
- Completed reload, in  1.153 seconds
Platform modules already initialized, skipping
Refreshing native plugins compatible for Editor in 0.67 ms, found 2 plugins.
Preloading 0 native plugins for Editor in 0.00 ms.
Unloading 3395 Unused Serialized files (Serialized files now loaded: 0)
System memory in use before: 130.1 MB.
System memory in use after: 130.2 MB.

Unloading 16 unused Assets to reduce memory usage. Loaded Objects now: 3896.
Total: 5.557800 ms (FindLiveObjects: 1.344600 ms CreateObjectMapping: 0.580600 ms MarkObjects: 3.529900 ms  DeleteObjects: 0.101000 ms)

========================================================================
Received Prepare
Registering precompiled user dll's ...
Registered in 0.003957 seconds.
Begin MonoManager ReloadAssembly
Native extension for WindowsStandalone target not found
Native extension for WebGL target not found
Refreshing native plugins compatible for Editor in 0.65 ms, found 2 plugins.
Preloading 0 native plugins for Editor in 0.00 ms.
Mono: successfully reloaded assembly
- Completed reload, in  1.059 seconds
Platform modules already initialized, skipping
Refreshing native plugins compatible for Editor in 0.68 ms, found 2 plugins.
Preloading 0 native plugins for Editor in 0.00 ms.
Unloading 3395 Unused Serialized files (Serialized files now loaded: 0)
System memory in use before: 130.1 MB.
System memory in use after: 130.2 MB.

Unloading 16 unused Assets to reduce memory usage. Loaded Objects now: 3900.
Total: 2.661500 ms (FindLiveObjects: 0.459700 ms CreateObjectMapping: 0.209400 ms MarkObjects: 1.911100 ms  DeleteObjects: 0.079900 ms)

========================================================================
Received Prepare
Registering precompiled user dll's ...
Registered in 0.003570 seconds.
Begin MonoManager ReloadAssembly
Native extension for WindowsStandalone target not found
Native extension for WebGL target not found
Refreshing native plugins compatible for Editor in 0.82 ms, found 2 plugins.
Preloading 0 native plugins for Editor in 0.00 ms.
Mono: successfully reloaded assembly
- Completed reload, in  1.260 seconds
Platform modules already initialized, skipping
Refreshing native plugins compatible for Editor in 0.87 ms, found 2 plugins.
Preloading 0 native plugins for Editor in 0.00 ms.
Unloading 3395 Unused Serialized files (Serialized files now loaded: 0)
System memory in use before: 130.1 MB.
System memory in use after: 130.3 MB.

Unloading 16 unused Assets to reduce memory usage. Loaded Objects now: 3904.
Total: 4.536400 ms (FindLiveObjects: 0.565600 ms CreateObjectMapping: 0.258200 ms MarkObjects: 3.596100 ms  DeleteObjects: 0.113900 ms)

========================================================================
Received Prepare
Registering precompiled user dll's ...
Registered in 0.091425 seconds.
Begin MonoManager ReloadAssembly
Native extension for WindowsStandalone target not found
Native extension for WebGL target not found
Refreshing native plugins compatible for Editor in 0.64 ms, found 2 plugins.
Preloading 0 native plugins for Editor in 0.00 ms.
Mono: successfully reloaded assembly
- Completed reload, in  1.053 seconds
Platform modules already initialized, skipping
Refreshing native plugins compatible for Editor in 0.68 ms, found 2 plugins.
Preloading 0 native plugins for Editor in 0.00 ms.
Unloading 3395 Unused Serialized files (Serialized files now loaded: 0)
System memory in use before: 130.1 MB.
System memory in use after: 130.3 MB.

Unloading 16 unused Assets to reduce memory usage. Loaded Objects now: 3908.
Total: 2.937700 ms (FindLiveObjects: 0.351100 ms CreateObjectMapping: 0.189000 ms MarkObjects: 2.307900 ms  DeleteObjects: 0.088400 ms)

========================================================================
Received Prepare
Registering precompiled user dll's ...
Registered in 0.003921 seconds.
Begin MonoManager ReloadAssembly
Native extension for WindowsStandalone target not found
Native extension for WebGL target not found
Refreshing native plugins compatible for Editor in 0.68 ms, found 2 plugins.
Preloading 0 native plugins for Editor in 0.00 ms.
Mono: successfully reloaded assembly
- Completed reload, in  1.201 seconds
Platform modules already initialized, skipping
Refreshing native plugins compatible for Editor in 0.71 ms, found 2 plugins.
Preloading 0 native plugins for Editor in 0.00 ms.
Unloading 3395 Unused Serialized files (Serialized files now loaded: 0)
System memory in use before: 130.1 MB.
System memory in use after: 130.3 MB.

Unloading 16 unused Assets to reduce memory usage. Loaded Objects now: 3912.
Total: 3.451400 ms (FindLiveObjects: 0.370100 ms CreateObjectMapping: 0.211300 ms MarkObjects: 2.748100 ms  DeleteObjects: 0.120300 ms)

========================================================================
Received Prepare
Registering precompiled user dll's ...
Registered in 0.005179 seconds.
Begin MonoManager ReloadAssembly
Native extension for WindowsStandalone target not found
Native extension for WebGL target not found
Refreshing native plugins compatible for Editor in 0.70 ms, found 2 plugins.
Preloading 0 native plugins for Editor in 0.00 ms.
Mono: successfully reloaded assembly
- Completed reload, in  1.196 seconds
Platform modules already initialized, skipping
Refreshing native plugins compatible for Editor in 0.70 ms, found 2 plugins.
Preloading 0 native plugins for Editor in 0.00 ms.
Unloading 3395 Unused Serialized files (Serialized files now loaded: 0)
System memory in use before: 130.1 MB.
System memory in use after: 130.3 MB.

Unloading 16 unused Assets to reduce memory usage. Loaded Objects now: 3916.
Total: 3.060000 ms (FindLiveObjects: 0.447700 ms CreateObjectMapping: 0.183300 ms MarkObjects: 2.342100 ms  DeleteObjects: 0.085800 ms)

========================================================================
Received Prepare
Registering precompiled user dll's ...
Registered in 0.003919 seconds.
Begin MonoManager ReloadAssembly
Native extension for WindowsStandalone target not found
Native extension for WebGL target not found
Refreshing native plugins compatible for Editor in 0.61 ms, found 2 plugins.
Preloading 0 native plugins for Editor in 0.00 ms.
Mono: successfully reloaded assembly
- Completed reload, in  1.132 seconds
Platform modules already initialized, skipping
Refreshing native plugins compatible for Editor in 0.64 ms, found 2 plugins.
Preloading 0 native plugins for Editor in 0.00 ms.
Unloading 3395 Unused Serialized files (Serialized files now loaded: 0)
System memory in use before: 130.1 MB.
System memory in use after: 130.3 MB.

Unloading 16 unused Assets to reduce memory usage. Loaded Objects now: 3920.
Total: 2.473900 ms (FindLiveObjects: 0.312200 ms CreateObjectMapping: 0.123000 ms MarkObjects: 1.965700 ms  DeleteObjects: 0.072200 ms)

========================================================================
Received Prepare
Registering precompiled user dll's ...
Registered in 0.003323 seconds.
Begin MonoManager ReloadAssembly
Native extension for WindowsStandalone target not found
Native extension for WebGL target not found
Refreshing native plugins compatible for Editor in 1.36 ms, found 2 plugins.
Preloading 0 native plugins for Editor in 0.00 ms.
Mono: successfully reloaded assembly
- Completed reload, in  1.095 seconds
Platform modules already initialized, skipping
Refreshing native plugins compatible for Editor in 0.62 ms, found 2 plugins.
Preloading 0 native plugins for Editor in 0.00 ms.
Unloading 3395 Unused Serialized files (Serialized files now loaded: 0)
System memory in use before: 130.2 MB.
System memory in use after: 130.3 MB.

Unloading 16 unused Assets to reduce memory usage. Loaded Objects now: 3924.
Total: 4.569100 ms (FindLiveObjects: 0.624300 ms CreateObjectMapping: 0.425900 ms MarkObjects: 3.399600 ms  DeleteObjects: 0.117700 ms)

========================================================================
Received Prepare
Registering precompiled user dll's ...
Registered in 0.003757 seconds.
Begin MonoManager ReloadAssembly
Native extension for WindowsStandalone target not found
Native extension for WebGL target not found
Refreshing native plugins compatible for Editor in 0.67 ms, found 2 plugins.
Preloading 0 native plugins for Editor in 0.00 ms.
Mono: successfully reloaded assembly
- Completed reload, in  1.525 seconds
Platform modules already initialized, skipping
Refreshing native plugins compatible for Editor in 0.69 ms, found 2 plugins.
Preloading 0 native plugins for Editor in 0.00 ms.
Unloading 3395 Unused Serialized files (Serialized files now loaded: 0)
System memory in use before: 130.2 MB.
System memory in use after: 130.3 MB.

Unloading 16 unused Assets to reduce memory usage. Loaded Objects now: 3928.
Total: 5.327000 ms (FindLiveObjects: 2.353000 ms CreateObjectMapping: 0.417800 ms MarkObjects: 2.454200 ms  DeleteObjects: 0.092500 ms)

========================================================================
Received Import Request.
  Time since last request: 3116.536129 seconds.
  path: Assets/Prefabs/Historia
  artifactKey: Guid(3449cdeced340c54da1a30cb8bbab4ae) Importer(815301076,1909f56bfc062723c751e8b465ee728b)
Start importing Assets/Prefabs/Historia using Guid(3449cdeced340c54da1a30cb8bbab4ae) Importer(815301076,1909f56bfc062723c751e8b465ee728b)  -> (artifact id: 'c82477b9483cb5b2b0267074dd6e4e7e') in 0.016189 seconds 
========================================================================
Received Import Request.
  Time since last request: 2.776558 seconds.
  path: Assets/Prefabs/Historia/NPC.prefab
  artifactKey: Guid(3b4d075261864da458688babe9a72b54) Importer(815301076,1909f56bfc062723c751e8b465ee728b)
Start importing Assets/Prefabs/Historia/NPC.prefab using Guid(3b4d075261864da458688babe9a72b54) Importer(815301076,1909f56bfc062723c751e8b465ee728b)  -> (artifact id: 'd18a87bd14cc8cbb1fe4777321ac48b3') in 0.143194 seconds 
========================================================================
Received Import Request.
  Time since last request: 1.380087 seconds.
  path: Assets/Prefabs/Historia/Conv.prefab
  artifactKey: Guid(2c20ee70b95ad634ca7ce7e0683ece6e) Importer(815301076,1909f56bfc062723c751e8b465ee728b)
Start importing Assets/Prefabs/Historia/Conv.prefab using Guid(2c20ee70b95ad634ca7ce7e0683ece6e) Importer(815301076,1909f56bfc062723c751e8b465ee728b)  -> (artifact id: 'd244e85c5b143ff7942bea18e8489e80') in 0.038324 seconds 
========================================================================
Received Import Request.
  Time since last request: 10.393474 seconds.
  path: Assets/Prefabs/Historia/Conv.prefab
  artifactKey: Guid(2c20ee70b95ad634ca7ce7e0683ece6e) Importer(815301076,1909f56bfc062723c751e8b465ee728b)
Start importing Assets/Prefabs/Historia/Conv.prefab using Guid(2c20ee70b95ad634ca7ce7e0683ece6e) Importer(815301076,1909f56bfc062723c751e8b465ee728b)  -> (artifact id: '1e0b0e3dd470a33220e48d8014f46bad') in 0.008345 seconds 
========================================================================
Received Import Request.
  Time since last request: 8.219926 seconds.
  path: Assets/Scenes/Level3.unity
  artifactKey: Guid(37838216ed23b2341b547c2a58b9dd66) Importer(815301076,1909f56bfc062723c751e8b465ee728b)
Start importing Assets/Scenes/Level3.unity using Guid(37838216ed23b2341b547c2a58b9dd66) Importer(815301076,1909f56bfc062723c751e8b465ee728b)  -> (artifact id: '3c0fbee55b0c057ff5525b7cc4d1cc12') in 0.010043 seconds 
========================================================================
Received Import Request.
  Time since last request: 427.390504 seconds.
  path: Assets/Scenes/Lobby.unity
  artifactKey: Guid(b6261b7ed27f5eb4ba10814e1ae320f3) Importer(815301076,1909f56bfc062723c751e8b465ee728b)
Start importing Assets/Scenes/Lobby.unity using Guid(b6261b7ed27f5eb4ba10814e1ae320f3) Importer(815301076,1909f56bfc062723c751e8b465ee728b)  -> (artifact id: 'f6d1e82283407abeae5e8b6a5189c5bb') in 0.011871 seconds 
========================================================================
Received Import Request.
  Time since last request: 285.267193 seconds.
  path: Assets/Scripts/OpenShop.cs
  artifactKey: Guid(bde001ec62452b342859b601ec4598d8) Importer(815301076,1909f56bfc062723c751e8b465ee728b)
Start importing Assets/Scripts/OpenShop.cs using Guid(bde001ec62452b342859b601ec4598d8) Importer(815301076,1909f56bfc062723c751e8b465ee728b)  -> (artifact id: '7e34a07de64d8ca42142d55397eeb545') in 0.007551 seconds 
========================================================================
Received Import Request.
  Time since last request: 18.384980 seconds.
  path: Assets/BuyPotion.cs
  artifactKey: Guid(1ae9b09bd36f0294e8dd9980ed0c12bd) Importer(815301076,1909f56bfc062723c751e8b465ee728b)
Start importing Assets/BuyPotion.cs using Guid(1ae9b09bd36f0294e8dd9980ed0c12bd) Importer(815301076,1909f56bfc062723c751e8b465ee728b)  -> (artifact id: '991edafa2b4571b5b9f77fe588059cc0') in 0.009329 seconds 
========================================================================
Received Import Request.
  Time since last request: 157.887637 seconds.
  path: Assets/BuyPotion.cs
  artifactKey: Guid(1ae9b09bd36f0294e8dd9980ed0c12bd) Importer(815301076,1909f56bfc062723c751e8b465ee728b)
Start importing Assets/BuyPotion.cs using Guid(1ae9b09bd36f0294e8dd9980ed0c12bd) Importer(815301076,1909f56bfc062723c751e8b465ee728b)  -> (artifact id: '4ae815967007ea9f0dd301808622f305') in 0.005135 seconds 
========================================================================
Received Prepare
Registering precompiled user dll's ...
Registered in 0.003331 seconds.
Begin MonoManager ReloadAssembly
Native extension for WindowsStandalone target not found
Native extension for WebGL target not found
Refreshing native plugins compatible for Editor in 0.64 ms, found 2 plugins.
Preloading 0 native plugins for Editor in 0.00 ms.
Mono: successfully reloaded assembly
- Completed reload, in  1.053 seconds
Platform modules already initialized, skipping
Refreshing native plugins compatible for Editor in 3.12 ms, found 2 plugins.
Preloading 0 native plugins for Editor in 0.00 ms.
Unloading 3395 Unused Serialized files (Serialized files now loaded: 0)
System memory in use before: 133.8 MB.
System memory in use after: 134.0 MB.

Unloading 18 unused Assets to reduce memory usage. Loaded Objects now: 3939.
Total: 3.139200 ms (FindLiveObjects: 0.333100 ms CreateObjectMapping: 0.205600 ms MarkObjects: 2.508100 ms  DeleteObjects: 0.091000 ms)

========================================================================
Received Import Request.
  Time since last request: 151.405183 seconds.
  path: Assets/BuyPotion.cs
  artifactKey: Guid(1ae9b09bd36f0294e8dd9980ed0c12bd) Importer(815301076,1909f56bfc062723c751e8b465ee728b)
Start importing Assets/BuyPotion.cs using Guid(1ae9b09bd36f0294e8dd9980ed0c12bd) Importer(815301076,1909f56bfc062723c751e8b465ee728b)  -> (artifact id: '10c9448cdadebdf02cdae26bac5510cf') in 0.010046 seconds 
AssetImportWorkerClient::OnTransportError - code=2 error=End of file
